<?xml version="1.0" encoding="UTF-8"?>
<!-- Generated by org.testng.reporters.JUnitXMLReporter -->
<testsuite hostname="3010-009" ignored="0" name="Default test" tests="2" failures="0" timestamp="24 May 2017 05:01:33 GMT" time="7.795" errors="0">
  <testcase name="captureScreenshot" time="6.685" classname="screenShotPath.screenShotPath.CapturingScreenshotTest"/>
  <testcase name="sampletest" time="0.0" classname="screenShotPath.screenShotPath.CapturingScreenshotTest"/>
</testsuite> <!-- Default test -->
