<?xml version="1.0" encoding="UTF-8"?>
<testng-results skipped="0" failed="0" ignored="0" total="2" passed="2">
  <reporter-output>
  </reporter-output>
  <suite name="Default suite" duration-ms="7795" started-at="2017-05-24T05:01:25Z" finished-at="2017-05-24T05:01:33Z">
    <groups>
    </groups>
    <test name="Default test" duration-ms="7795" started-at="2017-05-24T05:01:25Z" finished-at="2017-05-24T05:01:33Z">
      <class name="screenShotPath.screenShotPath.CapturingScreenshotTest">
        <test-method status="PASS" signature="init()[pri:0, instance:screenShotPath.screenShotPath.CapturingScreenshotTest@685cb137]" name="init" is-config="true" duration-ms="700" started-at="2017-05-24T10:31:25Z" finished-at="2017-05-24T10:31:25Z">
          <reporter-output>
          </reporter-output>
        </test-method> <!-- init -->
        <test-method status="PASS" signature="captureScreenshot()[pri:0, instance:screenShotPath.screenShotPath.CapturingScreenshotTest@685cb137]" name="captureScreenshot" duration-ms="6685" started-at="2017-05-24T10:31:25Z" finished-at="2017-05-24T10:31:32Z">
          <reporter-output>
          </reporter-output>
        </test-method> <!-- captureScreenshot -->
        <test-method status="PASS" signature="getResult(org.testng.ITestResult)[pri:0, instance:screenShotPath.screenShotPath.CapturingScreenshotTest@685cb137]" name="getResult" is-config="true" duration-ms="0" started-at="2017-05-24T10:31:32Z" finished-at="2017-05-24T10:31:32Z">
          <params>
            <param index="0">
              <value>
                <![CDATA[[TestResult name=sampletest status=SUCCESS method=CapturingScreenshotTest.sampletest()[pri:0, instance:screenShotPath.screenShotPath.CapturingScreenshotTest@685cb137] output={null}]]]>
              </value>
            </param>
          </params>
          <reporter-output>
          </reporter-output>
        </test-method> <!-- getResult -->
        <test-method status="PASS" signature="getResult(org.testng.ITestResult)[pri:0, instance:screenShotPath.screenShotPath.CapturingScreenshotTest@685cb137]" name="getResult" is-config="true" duration-ms="0" started-at="2017-05-24T10:31:32Z" finished-at="2017-05-24T10:31:32Z">
          <params>
            <param index="0">
              <value>
                <![CDATA[[TestResult name=captureScreenshot status=SUCCESS method=CapturingScreenshotTest.captureScreenshot()[pri:0, instance:screenShotPath.screenShotPath.CapturingScreenshotTest@685cb137] output={null}]]]>
              </value>
            </param>
          </params>
          <reporter-output>
          </reporter-output>
        </test-method> <!-- getResult -->
        <test-method status="PASS" signature="endreport()[pri:0, instance:screenShotPath.screenShotPath.CapturingScreenshotTest@685cb137]" name="endreport" is-config="true" duration-ms="400" started-at="2017-05-24T10:31:32Z" finished-at="2017-05-24T10:31:33Z">
          <reporter-output>
          </reporter-output>
        </test-method> <!-- endreport -->
        <test-method status="PASS" signature="sampletest()[pri:0, instance:screenShotPath.screenShotPath.CapturingScreenshotTest@685cb137]" name="sampletest" duration-ms="0" started-at="2017-05-24T10:31:32Z" finished-at="2017-05-24T10:31:32Z">
          <reporter-output>
          </reporter-output>
        </test-method> <!-- sampletest -->
      </class> <!-- screenShotPath.screenShotPath.CapturingScreenshotTest -->
    </test> <!-- Default test -->
  </suite> <!-- Default suite -->
</testng-results>
